[2022-02-10 15:23:19] Executing startup tasks
[2022-02-10 15:23:19] Java(TM) SE Runtime Environment 14.0.1+7
[2022-02-10 15:23:19] Product self.product.version
[2022-02-10 15:23:19] Workspace /Users/ulysseduvillier/runtime-EclipseXtext
[2022-02-10 15:23:19] Bundle org.eclipse.oomph.setup 1.22.0.v20211015-0620, build=5278, branch=a397d5c292b0ea2e68079e5b704e713bfeb15d34
[2022-02-10 15:23:19] Bundle org.eclipse.oomph.setup.core 1.22.0.v20211021-1010, build=5278, branch=a397d5c292b0ea2e68079e5b704e713bfeb15d34
[2022-02-10 15:23:19] Bundle org.eclipse.oomph.setup.p2 1.17.0.v20210601-0619, build=5278, branch=a397d5c292b0ea2e68079e5b704e713bfeb15d34
[2022-02-10 15:23:19] Performing Preference /instance/org.eclipse.ui.workbench/ACTIVE_HYPERLINK_COLOR = 46,109,179
[2022-02-10 15:23:19] Performing Preference /instance/org.eclipse.ui.workbench/CONFLICTING_COLOR = 255,0,0
[2022-02-10 15:23:19] Performing Preference /instance/org.eclipse.ui.workbench/CONTENT_ASSIST_BACKGROUND_COLOR = 30,30,30
[2022-02-10 15:23:20] Performing Preference /instance/org.eclipse.ui.workbench/CONTENT_ASSIST_FOREGROUND_COLOR = 255,255,255
[2022-02-10 15:23:20] Performing Preference /instance/org.eclipse.ui.workbench/EDITION_COLOR = 0,0,0
[2022-02-10 15:23:20] Performing Preference /instance/org.eclipse.ui.workbench/ERROR_COLOR = 255,0,0
[2022-02-10 15:23:20] Performing Preference /instance/org.eclipse.ui.workbench/HYPERLINK_COLOR = 65,156,255
[2022-02-10 15:23:20] Performing Preference /instance/org.eclipse.ui.workbench/INCOMING_COLOR = 0,0,255
[2022-02-10 15:23:20] Performing Preference /instance/org.eclipse.ui.workbench/org.eclipse.egit.ui.DiffAddBackgroundColor = 221,255,221
[2022-02-10 15:23:20] Performing Preference /instance/org.eclipse.ui.workbench/org.eclipse.egit.ui.DiffAddForegroundColor = 0,0,0
[2022-02-10 15:23:20] Performing Preference /instance/org.eclipse.ui.workbench/org.eclipse.egit.ui.DiffHeadlineBackgroundColor = 170,170,170
[2022-02-10 15:23:20] Performing Preference /instance/org.eclipse.ui.workbench/org.eclipse.egit.ui.DiffHeadlineForegroundColor = 0,0,0
[2022-02-10 15:23:20] Performing Preference /instance/org.eclipse.ui.workbench/org.eclipse.egit.ui.DiffHunkBackgroundColor = 234,242,245
[2022-02-10 15:23:20] Performing Preference /instance/org.eclipse.ui.workbench/org.eclipse.egit.ui.DiffHunkForegroundColor = 153,153,153
[2022-02-10 15:23:20] Performing Preference /instance/org.eclipse.ui.workbench/org.eclipse.egit.ui.DiffRemoveBackgroundColor = 255,221,221
[2022-02-10 15:23:20] Performing Preference /instance/org.eclipse.ui.workbench/org.eclipse.egit.ui.DiffRemoveForegroundColor = 0,0,0
[2022-02-10 15:23:20] Performing Preference /instance/org.eclipse.ui.workbench/org.eclipse.egit.ui.IgnoredResourceBackgroundColor = 30,30,30
[2022-02-10 15:23:20] Performing Preference /instance/org.eclipse.ui.workbench/org.eclipse.egit.ui.IgnoredResourceForegroundColor = 255,255,255
[2022-02-10 15:23:20] Performing Preference /instance/org.eclipse.ui.workbench/org.eclipse.egit.ui.UncommittedChangeBackgroundColor = 30,30,30
[2022-02-10 15:23:20] Performing Preference /instance/org.eclipse.ui.workbench/org.eclipse.egit.ui.UncommittedChangeForegroundColor = 255,255,255
[2022-02-10 15:23:20] Performing Preference /instance/org.eclipse.ui.workbench/org.eclipse.jdt.ui.ColoredLabels.inherited = 0,0,128
[2022-02-10 15:23:20] Performing Preference /instance/org.eclipse.ui.workbench/org.eclipse.jdt.ui.ColoredLabels.writeaccess_highlight = 240,216,168
[2022-02-10 15:23:20] Performing Preference /instance/org.eclipse.ui.workbench/org.eclipse.jdt.ui.Javadoc.backgroundColor = 236,235,236
[2022-02-10 15:23:20] Performing Preference /instance/org.eclipse.ui.workbench/org.eclipse.jdt.ui.Javadoc.foregroundColor = 0,0,0
[2022-02-10 15:23:20] Performing Preference /instance/org.eclipse.ui.workbench/org.eclipse.jface.REVISION_NEWEST_COLOR = 199,134,57
[2022-02-10 15:23:20] Performing Preference /instance/org.eclipse.ui.workbench/org.eclipse.jface.REVISION_OLDEST_COLOR = 241,225,206
[2022-02-10 15:23:20] Performing Preference /instance/org.eclipse.ui.workbench/org.eclipse.pde.genericeditor.extension.editor.color.attribute = 128,0,0
[2022-02-10 15:23:20] Performing Preference /instance/org.eclipse.ui.workbench/org.eclipse.pde.genericeditor.extension.editor.color.comment = 0,128,0
[2022-02-10 15:23:20] Performing Preference /instance/org.eclipse.ui.workbench/org.eclipse.pde.genericeditor.extension.editor.color.header = 192,192,192
[2022-02-10 15:23:20] Performing Preference /instance/org.eclipse.ui.workbench/org.eclipse.pde.genericeditor.extension.editor.color.quote = 0,0,255
[2022-02-10 15:23:20] Performing Preference /instance/org.eclipse.ui.workbench/org.eclipse.pde.genericeditor.extension.editor.color.tag = 0,128,128
[2022-02-10 15:23:20] Performing Preference /instance/org.eclipse.ui.workbench/org.eclipse.pde.genericeditor.extension.editor.color.text = 0,128,0
[2022-02-10 15:23:20] Performing Preference /instance/org.eclipse.ui.workbench/org.eclipse.search.ui.match.highlight = 206,204,247
[2022-02-10 15:23:20] Performing Preference /instance/org.eclipse.ui.workbench/org.eclipse.ui.editors.rangeIndicatorColor = 139,87,88
[2022-02-10 15:23:20] Performing Preference /instance/org.eclipse.ui.workbench/org.eclipse.ui.workbench.ACTIVE_NOFOCUS_TAB_BG_END = 70,70,70
[2022-02-10 15:23:20] Performing Preference /instance/org.eclipse.ui.workbench/org.eclipse.ui.workbench.ACTIVE_NOFOCUS_TAB_BG_START = 144,144,144
[2022-02-10 15:23:20] Performing Preference /instance/org.eclipse.ui.workbench/org.eclipse.ui.workbench.ACTIVE_NOFOCUS_TAB_TEXT_COLOR = 255,255,255
[2022-02-10 15:23:20] Performing Preference /instance/org.eclipse.ui.workbench/org.eclipse.ui.workbench.ACTIVE_TAB_BG_END = 236,173,175
[2022-02-10 15:23:20] Performing Preference /instance/org.eclipse.ui.workbench/org.eclipse.ui.workbench.ACTIVE_TAB_BG_START = 250,234,235
[2022-02-10 15:23:20] Performing Preference /instance/org.eclipse.ui.workbench/org.eclipse.ui.workbench.ACTIVE_TAB_TEXT_COLOR = 0,0,0
[2022-02-10 15:23:21] Performing Preference /instance/org.eclipse.ui.workbench/org.eclipse.ui.workbench.HOVER_BACKGROUND = 236,235,236
[2022-02-10 15:23:21] Performing Preference /instance/org.eclipse.ui.workbench/org.eclipse.ui.workbench.HOVER_FOREGROUND = 0,0,0
[2022-02-10 15:23:21] Performing Preference /instance/org.eclipse.ui.workbench/org.eclipse.ui.workbench.INACTIVE_TAB_BG_END = 50,50,50
[2022-02-10 15:23:21] Performing Preference /instance/org.eclipse.ui.workbench/org.eclipse.ui.workbench.INACTIVE_TAB_BG_START = 50,50,50
[2022-02-10 15:23:21] Performing Preference /instance/org.eclipse.ui.workbench/org.eclipse.ui.workbench.INACTIVE_TAB_TEXT_COLOR = 255,255,255
[2022-02-10 15:23:21] Performing Preference /instance/org.eclipse.ui.workbench/org.eclipse.ui.workbench.INFORMATION_BACKGROUND = 236,235,236
[2022-02-10 15:23:21] Performing Preference /instance/org.eclipse.ui.workbench/org.eclipse.ui.workbench.INFORMATION_FOREGROUND = 0,0,0
[2022-02-10 15:23:21] Performing Preference /instance/org.eclipse.ui.workbench/OUTGOING_COLOR = 0,0,0
[2022-02-10 15:23:21] Performing Preference /instance/org.eclipse.ui.workbench/RESOLVED_COLOR = 0,255,0
[2022-02-10 15:23:21] 
[2022-02-10 15:24:14] Executing startup tasks
[2022-02-10 15:24:14] Java(TM) SE Runtime Environment 14.0.1+7
[2022-02-10 15:24:14] Product self.product.version
[2022-02-10 15:24:14] Workspace /Users/ulysseduvillier/runtime-EclipseXtext
[2022-02-10 15:24:14] Bundle org.eclipse.oomph.setup 1.22.0.v20211015-0620, build=5278, branch=a397d5c292b0ea2e68079e5b704e713bfeb15d34
[2022-02-10 15:24:14] Bundle org.eclipse.oomph.setup.core 1.22.0.v20211021-1010, build=5278, branch=a397d5c292b0ea2e68079e5b704e713bfeb15d34
[2022-02-10 15:24:14] Bundle org.eclipse.oomph.setup.p2 1.17.0.v20210601-0619, build=5278, branch=a397d5c292b0ea2e68079e5b704e713bfeb15d34
[2022-02-10 15:24:14] Performing Preference /instance/org.eclipse.ant.launching/timeout = 20000
[2022-02-10 15:24:14] 
